2019-12-17 15:36:31.291  WARN Gary-C-Laptop
            --- [nio-8080-exec-1] o.s.w.s.PageNotFound                     : Request method 'POST' not supported
2019-12-17 15:43:50.832  INFO Gary-C-Laptop
            --- [       Thread-2] ationConfigEmbeddedWebApplicationContext : Closing org.springframework.boot.context.embedded.AnnotationConfigEmbeddedWebApplicationContext@56ab6be9: startup date [Tue Dec 17 15:29:50 MST 2019]; root of context hierarchy
2019-12-17 15:44:02.137  INFO Gary-C-Laptop
            --- [cker.App.main()] c.p.g.App                                : Starting App on Gary-C-Laptop with PID 19180 (started by Gary in C:\Coleman\Development\Promineo Tech\3.Spring\Final Project\gameStatTracker)
2019-12-17 15:44:02.194  INFO Gary-C-Laptop
            --- [cker.App.main()] ationConfigEmbeddedWebApplicationContext : Refreshing org.springframework.boot.context.embedded.AnnotationConfigEmbeddedWebApplicationContext@35c9f87a: startup date [Tue Dec 17 15:44:02 MST 2019]; root of context hierarchy
2019-12-17 15:44:03.241  INFO Gary-C-Laptop
            --- [cker.App.main()] o.s.b.f.s.DefaultListableBeanFactory     : Overriding bean definition for bean 'beanNameViewResolver': replacing [Root bean: class [null]; scope=; abstract=false; lazyInit=false; autowireMode=3; dependencyCheck=0; autowireCandidate=true; primary=false; factoryBeanName=org.springframework.boot.autoconfigure.web.ErrorMvcAutoConfiguration$WhitelabelErrorViewConfiguration; factoryMethodName=beanNameViewResolver; initMethodName=null; destroyMethodName=(inferred); defined in class path resource [org/springframework/boot/autoconfigure/web/ErrorMvcAutoConfiguration$WhitelabelErrorViewConfiguration.class]] with [Root bean: class [null]; scope=; abstract=false; lazyInit=false; autowireMode=3; dependencyCheck=0; autowireCandidate=true; primary=false; factoryBeanName=org.springframework.boot.autoconfigure.web.WebMvcAutoConfiguration$WebMvcAutoConfigurationAdapter; factoryMethodName=beanNameViewResolver; initMethodName=null; destroyMethodName=(inferred); defined in class path resource [org/springframework/boot/autoconfigure/web/WebMvcAutoConfiguration$WebMvcAutoConfigurationAdapter.class]]
2019-12-17 15:44:04.015  INFO Gary-C-Laptop
            --- [cker.App.main()] o.h.v.i.u.Version                        : HV000001: Hibernate Validator 5.1.3.Final
2019-12-17 15:44:04.235  INFO Gary-C-Laptop
            --- [cker.App.main()] trationDelegate$BeanPostProcessorChecker : Bean 'org.springframework.transaction.annotation.ProxyTransactionManagementConfiguration' of type [class org.springframework.transaction.annotation.ProxyTransactionManagementConfiguration$$EnhancerBySpringCGLIB$$bcf79cc8] is not eligible for getting processed by all BeanPostProcessors (for example: not eligible for auto-proxying)
2019-12-17 15:44:04.294  INFO Gary-C-Laptop
            --- [cker.App.main()] trationDelegate$BeanPostProcessorChecker : Bean 'transactionAttributeSource' of type [class org.springframework.transaction.annotation.AnnotationTransactionAttributeSource] is not eligible for getting processed by all BeanPostProcessors (for example: not eligible for auto-proxying)
2019-12-17 15:44:04.315  INFO Gary-C-Laptop
            --- [cker.App.main()] trationDelegate$BeanPostProcessorChecker : Bean 'transactionInterceptor' of type [class org.springframework.transaction.interceptor.TransactionInterceptor] is not eligible for getting processed by all BeanPostProcessors (for example: not eligible for auto-proxying)
2019-12-17 15:44:04.327  INFO Gary-C-Laptop
            --- [cker.App.main()] trationDelegate$BeanPostProcessorChecker : Bean 'org.springframework.transaction.config.internalTransactionAdvisor' of type [class org.springframework.transaction.interceptor.BeanFactoryTransactionAttributeSourceAdvisor] is not eligible for getting processed by all BeanPostProcessors (for example: not eligible for auto-proxying)
2019-12-17 15:44:05.194  INFO Gary-C-Laptop
            --- [cker.App.main()] s.b.c.e.t.TomcatEmbeddedServletContainer : Tomcat initialized with port(s): 8080 (http)
2019-12-17 15:44:05.395  INFO Gary-C-Laptop
            --- [cker.App.main()] o.a.c.c.StandardService                  : Starting service Tomcat
2019-12-17 15:44:05.400  INFO Gary-C-Laptop
            --- [cker.App.main()] o.a.c.c.StandardEngine                   : Starting Servlet Engine: Apache Tomcat/8.0.26
2019-12-17 15:44:05.551  INFO Gary-C-Laptop
            --- [ost-startStop-1] o.a.c.c.C.[.[.[/]                        : Initializing Spring embedded WebApplicationContext
2019-12-17 15:44:05.555  INFO Gary-C-Laptop
            --- [ost-startStop-1] o.s.w.c.ContextLoader                    : Root WebApplicationContext: initialization completed in 3365 ms
2019-12-17 15:44:06.506  INFO Gary-C-Laptop
            --- [ost-startStop-1] o.s.b.c.e.ServletRegistrationBean        : Mapping servlet: 'dispatcherServlet' to [/]
2019-12-17 15:44:06.516  INFO Gary-C-Laptop
            --- [ost-startStop-1] o.s.b.c.e.FilterRegistrationBean         : Mapping filter: 'characterEncodingFilter' to: [/*]
2019-12-17 15:44:06.517  INFO Gary-C-Laptop
            --- [ost-startStop-1] o.s.b.c.e.FilterRegistrationBean         : Mapping filter: 'hiddenHttpMethodFilter' to: [/*]
2019-12-17 15:44:06.922  INFO Gary-C-Laptop
            --- [cker.App.main()] j.LocalContainerEntityManagerFactoryBean : Building JPA container EntityManagerFactory for persistence unit 'default'
2019-12-17 15:44:06.945  INFO Gary-C-Laptop
            --- [cker.App.main()] o.h.j.i.u.LogHelper                      : HHH000204: Processing PersistenceUnitInfo [
	name: default
	...]
2019-12-17 15:44:07.084  INFO Gary-C-Laptop
            --- [cker.App.main()] o.h.Version                              : HHH000412: Hibernate Core {4.3.11.Final}
2019-12-17 15:44:07.090  INFO Gary-C-Laptop
            --- [cker.App.main()] o.h.c.Environment                        : HHH000206: hibernate.properties not found
2019-12-17 15:44:07.094  INFO Gary-C-Laptop
            --- [cker.App.main()] o.h.c.Environment                        : HHH000021: Bytecode provider name : javassist
2019-12-17 15:44:07.311  INFO Gary-C-Laptop
            --- [cker.App.main()] o.h.a.c.Version                          : HCANN000001: Hibernate Commons Annotations {4.0.5.Final}
2019-12-17 15:44:08.715  INFO Gary-C-Laptop
            --- [cker.App.main()] o.h.d.Dialect                            : HHH000400: Using dialect: org.hibernate.dialect.MySQL5Dialect
2019-12-17 15:44:08.975  INFO Gary-C-Laptop
            --- [cker.App.main()] o.h.h.i.a.ASTQueryTranslatorFactory      : HHH000397: Using ASTQueryTranslatorFactory
2019-12-17 15:44:09.932  INFO Gary-C-Laptop
            --- [cker.App.main()] o.h.t.h.SchemaExport                     : HHH000227: Running hbm2ddl schema export
2019-12-17 15:44:10.619  INFO Gary-C-Laptop
            --- [cker.App.main()] o.h.t.h.SchemaExport                     : HHH000230: Schema export complete
2019-12-17 15:44:11.457  INFO Gary-C-Laptop
            --- [cker.App.main()] s.w.s.m.m.a.RequestMappingHandlerAdapter : Looking for @ControllerAdvice: org.springframework.boot.context.embedded.AnnotationConfigEmbeddedWebApplicationContext@35c9f87a: startup date [Tue Dec 17 15:44:02 MST 2019]; root of context hierarchy
2019-12-17 15:44:11.573  INFO Gary-C-Laptop
            --- [cker.App.main()] s.w.s.m.m.a.RequestMappingHandlerMapping : Mapped "{[/games/{id}],methods=[GET]}" onto public org.springframework.http.ResponseEntity<java.lang.Object> com.promineotech.gameStatTracker.controller.GameController.getGame(java.lang.Long)
2019-12-17 15:44:11.577  INFO Gary-C-Laptop
            --- [cker.App.main()] s.w.s.m.m.a.RequestMappingHandlerMapping : Mapped "{[/games/{id}],methods=[PUT]}" onto public org.springframework.http.ResponseEntity<java.lang.Object> com.promineotech.gameStatTracker.controller.GameController.updateGame(com.promineotech.gameStatTracker.entity.Game,java.lang.Long)
2019-12-17 15:44:11.578  INFO Gary-C-Laptop
            --- [cker.App.main()] s.w.s.m.m.a.RequestMappingHandlerMapping : Mapped "{[/games/{id}],methods=[DELETE]}" onto public org.springframework.http.ResponseEntity<java.lang.Object> com.promineotech.gameStatTracker.controller.GameController.deleteGame(java.lang.Long)
2019-12-17 15:44:11.579  INFO Gary-C-Laptop
            --- [cker.App.main()] s.w.s.m.m.a.RequestMappingHandlerMapping : Mapped "{[/games],methods=[GET]}" onto public org.springframework.http.ResponseEntity<java.lang.Object> com.promineotech.gameStatTracker.controller.GameController.getGames()
2019-12-17 15:44:11.580  INFO Gary-C-Laptop
            --- [cker.App.main()] s.w.s.m.m.a.RequestMappingHandlerMapping : Mapped "{[/games],methods=[POST]}" onto public org.springframework.http.ResponseEntity<java.lang.Object> com.promineotech.gameStatTracker.controller.GameController.createGame(com.promineotech.gameStatTracker.entity.Game)
2019-12-17 15:44:11.582  INFO Gary-C-Laptop
            --- [cker.App.main()] s.w.s.m.m.a.RequestMappingHandlerMapping : Mapped "{[/player/{id}],methods=[GET]}" onto public org.springframework.http.ResponseEntity<java.lang.Object> com.promineotech.gameStatTracker.controller.PlayerController.getPlayer(java.lang.Long)
2019-12-17 15:44:11.582  INFO Gary-C-Laptop
            --- [cker.App.main()] s.w.s.m.m.a.RequestMappingHandlerMapping : Mapped "{[/player],methods=[POST]}" onto public org.springframework.http.ResponseEntity<java.lang.Object> com.promineotech.gameStatTracker.controller.PlayerController.createPlayer(com.promineotech.gameStatTracker.entity.Player)
2019-12-17 15:44:11.583  INFO Gary-C-Laptop
            --- [cker.App.main()] s.w.s.m.m.a.RequestMappingHandlerMapping : Mapped "{[/player/{id}],methods=[PUT]}" onto public org.springframework.http.ResponseEntity<java.lang.Object> com.promineotech.gameStatTracker.controller.PlayerController.updatePlayer(com.promineotech.gameStatTracker.entity.Player,java.lang.Long)
2019-12-17 15:44:11.583  INFO Gary-C-Laptop
            --- [cker.App.main()] s.w.s.m.m.a.RequestMappingHandlerMapping : Mapped "{[/player],methods=[GET]}" onto public org.springframework.http.ResponseEntity<java.lang.Object> com.promineotech.gameStatTracker.controller.PlayerController.getCustomers()
2019-12-17 15:44:11.584  INFO Gary-C-Laptop
            --- [cker.App.main()] s.w.s.m.m.a.RequestMappingHandlerMapping : Mapped "{[/playergame],methods=[POST]}" onto public org.springframework.http.ResponseEntity<java.lang.Object> com.promineotech.gameStatTracker.controller.PlayerGameController.createPlayerGame(com.promineotech.gameStatTracker.requests.PlayerGameRequest)
2019-12-17 15:44:11.585  INFO Gary-C-Laptop
            --- [cker.App.main()] s.w.s.m.m.a.RequestMappingHandlerMapping : Mapped "{[/playergame/{id}],methods=[DELETE]}" onto public org.springframework.http.ResponseEntity<java.lang.Object> com.promineotech.gameStatTracker.controller.PlayerGameController.deletePlayerGame(java.lang.Long)
2019-12-17 15:44:11.591  INFO Gary-C-Laptop
            --- [cker.App.main()] s.w.s.m.m.a.RequestMappingHandlerMapping : Mapped "{[/playergame/{id}],methods=[GET]}" onto public org.springframework.http.ResponseEntity<java.lang.Object> com.promineotech.gameStatTracker.controller.PlayerGameController.getPlayerGame(java.lang.Long)
2019-12-17 15:44:11.591  INFO Gary-C-Laptop
            --- [cker.App.main()] s.w.s.m.m.a.RequestMappingHandlerMapping : Mapped "{[/playergame],methods=[GET]}" onto public org.springframework.http.ResponseEntity<java.lang.Object> com.promineotech.gameStatTracker.controller.PlayerGameController.getPlayerGames()
2019-12-17 15:44:11.592  INFO Gary-C-Laptop
            --- [cker.App.main()] s.w.s.m.m.a.RequestMappingHandlerMapping : Mapped "{[/playergame/{id}],methods=[PUT]}" onto public org.springframework.http.ResponseEntity<java.lang.Object> com.promineotech.gameStatTracker.controller.PlayerGameController.updatePlayerGame(com.promineotech.gameStatTracker.entity.PlayerGame,java.lang.Long)
2019-12-17 15:44:11.593  INFO Gary-C-Laptop
            --- [cker.App.main()] s.w.s.m.m.a.RequestMappingHandlerMapping : Mapped "{[/error]}" onto public org.springframework.http.ResponseEntity<java.util.Map<java.lang.String, java.lang.Object>> org.springframework.boot.autoconfigure.web.BasicErrorController.error(javax.servlet.http.HttpServletRequest)
2019-12-17 15:44:11.594  INFO Gary-C-Laptop
            --- [cker.App.main()] s.w.s.m.m.a.RequestMappingHandlerMapping : Mapped "{[/error],produces=[text/html]}" onto public org.springframework.web.servlet.ModelAndView org.springframework.boot.autoconfigure.web.BasicErrorController.errorHtml(javax.servlet.http.HttpServletRequest)
2019-12-17 15:44:11.641  INFO Gary-C-Laptop
            --- [cker.App.main()] o.s.w.s.h.SimpleUrlHandlerMapping        : Mapped URL path [/webjars/**] onto handler of type [class org.springframework.web.servlet.resource.ResourceHttpRequestHandler]
2019-12-17 15:44:11.644  INFO Gary-C-Laptop
            --- [cker.App.main()] o.s.w.s.h.SimpleUrlHandlerMapping        : Mapped URL path [/**] onto handler of type [class org.springframework.web.servlet.resource.ResourceHttpRequestHandler]
2019-12-17 15:44:11.704  INFO Gary-C-Laptop
            --- [cker.App.main()] o.s.w.s.h.SimpleUrlHandlerMapping        : Mapped URL path [/**/favicon.ico] onto handler of type [class org.springframework.web.servlet.resource.ResourceHttpRequestHandler]
2019-12-17 15:44:11.926  INFO Gary-C-Laptop
            --- [cker.App.main()] o.s.j.e.a.AnnotationMBeanExporter        : Registering beans for JMX exposure on startup
2019-12-17 15:44:11.973  INFO Gary-C-Laptop
            --- [cker.App.main()] o.a.c.h.Http11NioProtocol                : Initializing ProtocolHandler ["http-nio-8080"]
2019-12-17 15:44:11.991  INFO Gary-C-Laptop
            --- [cker.App.main()] o.a.c.h.Http11NioProtocol                : Starting ProtocolHandler ["http-nio-8080"]
2019-12-17 15:44:12.014  INFO Gary-C-Laptop
            --- [cker.App.main()] o.a.t.u.n.NioSelectorPool                : Using a shared selector for servlet write/read
2019-12-17 15:44:12.043  INFO Gary-C-Laptop
            --- [cker.App.main()] s.b.c.e.t.TomcatEmbeddedServletContainer : Tomcat started on port(s): 8080 (http)
2019-12-17 15:44:12.048  INFO Gary-C-Laptop
            --- [cker.App.main()] c.p.g.App                                : Started App in 10.259 seconds (JVM running for 17.248)
2019-12-17 15:44:24.409  INFO Gary-C-Laptop
            --- [nio-8080-exec-2] o.a.c.c.C.[.[.[/]                        : Initializing Spring FrameworkServlet 'dispatcherServlet'
2019-12-17 15:44:24.413  INFO Gary-C-Laptop
            --- [nio-8080-exec-2] o.s.w.s.DispatcherServlet                : FrameworkServlet 'dispatcherServlet': initialization started
2019-12-17 15:44:24.463  INFO Gary-C-Laptop
            --- [nio-8080-exec-2] o.s.w.s.DispatcherServlet                : FrameworkServlet 'dispatcherServlet': initialization completed in 49 ms
2019-12-17 15:44:24.505  WARN Gary-C-Laptop
            --- [nio-8080-exec-2] o.s.w.s.PageNotFound                     : Request method 'POST' not supported
2019-12-18 15:37:50.130  INFO Gary-C-Laptop
            --- [       Thread-2] ationConfigEmbeddedWebApplicationContext : Closing org.springframework.boot.context.embedded.AnnotationConfigEmbeddedWebApplicationContext@35c9f87a: startup date [Tue Dec 17 15:44:02 MST 2019]; root of context hierarchy
2019-12-18 15:50:05.663  INFO Gary-C-Laptop
            --- [cker.App.main()] c.p.g.App                                : Starting App on Gary-C-Laptop with PID 3008 (started by Gary in C:\Coleman\Development\Promineo Tech\3.Spring\Final Project\gameStatTracker)
2019-12-18 15:50:05.709  INFO Gary-C-Laptop
            --- [cker.App.main()] ationConfigEmbeddedWebApplicationContext : Refreshing org.springframework.boot.context.embedded.AnnotationConfigEmbeddedWebApplicationContext@54d55648: startup date [Wed Dec 18 15:50:05 MST 2019]; root of context hierarchy
2019-12-18 15:50:06.530  INFO Gary-C-Laptop
            --- [cker.App.main()] o.s.b.f.s.DefaultListableBeanFactory     : Overriding bean definition for bean 'beanNameViewResolver': replacing [Root bean: class [null]; scope=; abstract=false; lazyInit=false; autowireMode=3; dependencyCheck=0; autowireCandidate=true; primary=false; factoryBeanName=org.springframework.boot.autoconfigure.web.ErrorMvcAutoConfiguration$WhitelabelErrorViewConfiguration; factoryMethodName=beanNameViewResolver; initMethodName=null; destroyMethodName=(inferred); defined in class path resource [org/springframework/boot/autoconfigure/web/ErrorMvcAutoConfiguration$WhitelabelErrorViewConfiguration.class]] with [Root bean: class [null]; scope=; abstract=false; lazyInit=false; autowireMode=3; dependencyCheck=0; autowireCandidate=true; primary=false; factoryBeanName=org.springframework.boot.autoconfigure.web.WebMvcAutoConfiguration$WebMvcAutoConfigurationAdapter; factoryMethodName=beanNameViewResolver; initMethodName=null; destroyMethodName=(inferred); defined in class path resource [org/springframework/boot/autoconfigure/web/WebMvcAutoConfiguration$WebMvcAutoConfigurationAdapter.class]]
2019-12-18 15:50:07.127  INFO Gary-C-Laptop
            --- [cker.App.main()] o.h.v.i.u.Version                        : HV000001: Hibernate Validator 5.1.3.Final
2019-12-18 15:50:07.348  INFO Gary-C-Laptop
            --- [cker.App.main()] trationDelegate$BeanPostProcessorChecker : Bean 'org.springframework.transaction.annotation.ProxyTransactionManagementConfiguration' of type [class org.springframework.transaction.annotation.ProxyTransactionManagementConfiguration$$EnhancerBySpringCGLIB$$c96ffb6c] is not eligible for getting processed by all BeanPostProcessors (for example: not eligible for auto-proxying)
2019-12-18 15:50:07.386  INFO Gary-C-Laptop
            --- [cker.App.main()] trationDelegate$BeanPostProcessorChecker : Bean 'transactionAttributeSource' of type [class org.springframework.transaction.annotation.AnnotationTransactionAttributeSource] is not eligible for getting processed by all BeanPostProcessors (for example: not eligible for auto-proxying)
2019-12-18 15:50:07.399  INFO Gary-C-Laptop
            --- [cker.App.main()] trationDelegate$BeanPostProcessorChecker : Bean 'transactionInterceptor' of type [class org.springframework.transaction.interceptor.TransactionInterceptor] is not eligible for getting processed by all BeanPostProcessors (for example: not eligible for auto-proxying)
2019-12-18 15:50:07.408  INFO Gary-C-Laptop
            --- [cker.App.main()] trationDelegate$BeanPostProcessorChecker : Bean 'org.springframework.transaction.config.internalTransactionAdvisor' of type [class org.springframework.transaction.interceptor.BeanFactoryTransactionAttributeSourceAdvisor] is not eligible for getting processed by all BeanPostProcessors (for example: not eligible for auto-proxying)
2019-12-18 15:50:08.126  INFO Gary-C-Laptop
            --- [cker.App.main()] s.b.c.e.t.TomcatEmbeddedServletContainer : Tomcat initialized with port(s): 8080 (http)
2019-12-18 15:50:08.311  INFO Gary-C-Laptop
            --- [cker.App.main()] o.a.c.c.StandardService                  : Starting service Tomcat
2019-12-18 15:50:08.316  INFO Gary-C-Laptop
            --- [cker.App.main()] o.a.c.c.StandardEngine                   : Starting Servlet Engine: Apache Tomcat/8.0.26
2019-12-18 15:50:08.464  INFO Gary-C-Laptop
            --- [ost-startStop-1] o.a.c.c.C.[.[.[/]                        : Initializing Spring embedded WebApplicationContext
2019-12-18 15:50:08.468  INFO Gary-C-Laptop
            --- [ost-startStop-1] o.s.w.c.ContextLoader                    : Root WebApplicationContext: initialization completed in 2761 ms
2019-12-18 15:50:09.291  INFO Gary-C-Laptop
            --- [ost-startStop-1] o.s.b.c.e.ServletRegistrationBean        : Mapping servlet: 'dispatcherServlet' to [/]
2019-12-18 15:50:09.299  INFO Gary-C-Laptop
            --- [ost-startStop-1] o.s.b.c.e.FilterRegistrationBean         : Mapping filter: 'characterEncodingFilter' to: [/*]
2019-12-18 15:50:09.300  INFO Gary-C-Laptop
            --- [ost-startStop-1] o.s.b.c.e.FilterRegistrationBean         : Mapping filter: 'hiddenHttpMethodFilter' to: [/*]
2019-12-18 15:50:09.582  INFO Gary-C-Laptop
            --- [cker.App.main()] j.LocalContainerEntityManagerFactoryBean : Building JPA container EntityManagerFactory for persistence unit 'default'
2019-12-18 15:50:09.602  INFO Gary-C-Laptop
            --- [cker.App.main()] o.h.j.i.u.LogHelper                      : HHH000204: Processing PersistenceUnitInfo [
	name: default
	...]
2019-12-18 15:50:09.710  INFO Gary-C-Laptop
            --- [cker.App.main()] o.h.Version                              : HHH000412: Hibernate Core {4.3.11.Final}
2019-12-18 15:50:09.714  INFO Gary-C-Laptop
            --- [cker.App.main()] o.h.c.Environment                        : HHH000206: hibernate.properties not found
2019-12-18 15:50:09.717  INFO Gary-C-Laptop
            --- [cker.App.main()] o.h.c.Environment                        : HHH000021: Bytecode provider name : javassist
2019-12-18 15:50:09.933  INFO Gary-C-Laptop
            --- [cker.App.main()] o.h.a.c.Version                          : HCANN000001: Hibernate Commons Annotations {4.0.5.Final}
2019-12-18 15:50:11.071  INFO Gary-C-Laptop
            --- [cker.App.main()] o.h.d.Dialect                            : HHH000400: Using dialect: org.hibernate.dialect.MySQL5Dialect
2019-12-18 15:50:11.271  INFO Gary-C-Laptop
            --- [cker.App.main()] o.h.h.i.a.ASTQueryTranslatorFactory      : HHH000397: Using ASTQueryTranslatorFactory
2019-12-18 15:50:11.930  INFO Gary-C-Laptop
            --- [cker.App.main()] o.h.t.h.SchemaExport                     : HHH000227: Running hbm2ddl schema export
2019-12-18 15:50:12.496  INFO Gary-C-Laptop
            --- [cker.App.main()] o.h.t.h.SchemaExport                     : HHH000230: Schema export complete
2019-12-18 15:50:13.166  INFO Gary-C-Laptop
            --- [cker.App.main()] s.w.s.m.m.a.RequestMappingHandlerAdapter : Looking for @ControllerAdvice: org.springframework.boot.context.embedded.AnnotationConfigEmbeddedWebApplicationContext@54d55648: startup date [Wed Dec 18 15:50:05 MST 2019]; root of context hierarchy
2019-12-18 15:50:13.285  INFO Gary-C-Laptop
            --- [cker.App.main()] s.w.s.m.m.a.RequestMappingHandlerMapping : Mapped "{[/games/{id}],methods=[PUT]}" onto public org.springframework.http.ResponseEntity<java.lang.Object> com.promineotech.gameStatTracker.controller.GameController.updateGame(com.promineotech.gameStatTracker.entity.Game,java.lang.Long)
2019-12-18 15:50:13.288  INFO Gary-C-Laptop
            --- [cker.App.main()] s.w.s.m.m.a.RequestMappingHandlerMapping : Mapped "{[/games],methods=[GET]}" onto public org.springframework.http.ResponseEntity<java.lang.Object> com.promineotech.gameStatTracker.controller.GameController.getGames()
2019-12-18 15:50:13.288  INFO Gary-C-Laptop
            --- [cker.App.main()] s.w.s.m.m.a.RequestMappingHandlerMapping : Mapped "{[/games/{id}],methods=[DELETE]}" onto public org.springframework.http.ResponseEntity<java.lang.Object> com.promineotech.gameStatTracker.controller.GameController.deleteGame(java.lang.Long)
2019-12-18 15:50:13.289  INFO Gary-C-Laptop
            --- [cker.App.main()] s.w.s.m.m.a.RequestMappingHandlerMapping : Mapped "{[/games],methods=[POST]}" onto public org.springframework.http.ResponseEntity<java.lang.Object> com.promineotech.gameStatTracker.controller.GameController.createGame(com.promineotech.gameStatTracker.entity.Game)
2019-12-18 15:50:13.289  INFO Gary-C-Laptop
            --- [cker.App.main()] s.w.s.m.m.a.RequestMappingHandlerMapping : Mapped "{[/games/{id}],methods=[GET]}" onto public org.springframework.http.ResponseEntity<java.lang.Object> com.promineotech.gameStatTracker.controller.GameController.getGame(java.lang.Long)
2019-12-18 15:50:13.290  INFO Gary-C-Laptop
            --- [cker.App.main()] s.w.s.m.m.a.RequestMappingHandlerMapping : Mapped "{[/player],methods=[GET]}" onto public org.springframework.http.ResponseEntity<java.lang.Object> com.promineotech.gameStatTracker.controller.PlayerController.getCustomers()
2019-12-18 15:50:13.291  INFO Gary-C-Laptop
            --- [cker.App.main()] s.w.s.m.m.a.RequestMappingHandlerMapping : Mapped "{[/player/{id}],methods=[PUT]}" onto public org.springframework.http.ResponseEntity<java.lang.Object> com.promineotech.gameStatTracker.controller.PlayerController.updatePlayer(com.promineotech.gameStatTracker.entity.Player,java.lang.Long)
2019-12-18 15:50:13.292  INFO Gary-C-Laptop
            --- [cker.App.main()] s.w.s.m.m.a.RequestMappingHandlerMapping : Mapped "{[/player],methods=[POST]}" onto public org.springframework.http.ResponseEntity<java.lang.Object> com.promineotech.gameStatTracker.controller.PlayerController.createPlayer(com.promineotech.gameStatTracker.entity.Player)
2019-12-18 15:50:13.293  INFO Gary-C-Laptop
            --- [cker.App.main()] s.w.s.m.m.a.RequestMappingHandlerMapping : Mapped "{[/player/{id}],methods=[GET]}" onto public org.springframework.http.ResponseEntity<java.lang.Object> com.promineotech.gameStatTracker.controller.PlayerController.getPlayer(java.lang.Long)
2019-12-18 15:50:13.293  INFO Gary-C-Laptop
            --- [cker.App.main()] s.w.s.m.m.a.RequestMappingHandlerMapping : Mapped "{[/playergame/{id}],methods=[DELETE]}" onto public org.springframework.http.ResponseEntity<java.lang.Object> com.promineotech.gameStatTracker.controller.PlayerGameController.deletePlayerGame(java.lang.Long)
2019-12-18 15:50:13.294  INFO Gary-C-Laptop
            --- [cker.App.main()] s.w.s.m.m.a.RequestMappingHandlerMapping : Mapped "{[/playergame/{id}],methods=[GET]}" onto public org.springframework.http.ResponseEntity<java.lang.Object> com.promineotech.gameStatTracker.controller.PlayerGameController.getPlayerGame(java.lang.Long)
2019-12-18 15:50:13.294  INFO Gary-C-Laptop
            --- [cker.App.main()] s.w.s.m.m.a.RequestMappingHandlerMapping : Mapped "{[/playergame],methods=[GET]}" onto public org.springframework.http.ResponseEntity<java.lang.Object> com.promineotech.gameStatTracker.controller.PlayerGameController.getPlayerGames()
2019-12-18 15:50:13.295  INFO Gary-C-Laptop
            --- [cker.App.main()] s.w.s.m.m.a.RequestMappingHandlerMapping : Mapped "{[/playergame],methods=[POST]}" onto public org.springframework.http.ResponseEntity<java.lang.Object> com.promineotech.gameStatTracker.controller.PlayerGameController.createPlayerGame(com.promineotech.gameStatTracker.requests.PlayerGameRequest)
2019-12-18 15:50:13.296  INFO Gary-C-Laptop
            --- [cker.App.main()] s.w.s.m.m.a.RequestMappingHandlerMapping : Mapped "{[/playergame/{id}],methods=[PUT]}" onto public org.springframework.http.ResponseEntity<java.lang.Object> com.promineotech.gameStatTracker.controller.PlayerGameController.updatePlayerGame(com.promineotech.gameStatTracker.requests.PlayerGameRequest,java.lang.Long)
2019-12-18 15:50:13.304  INFO Gary-C-Laptop
            --- [cker.App.main()] s.w.s.m.m.a.RequestMappingHandlerMapping : Mapped "{[/error]}" onto public org.springframework.http.ResponseEntity<java.util.Map<java.lang.String, java.lang.Object>> org.springframework.boot.autoconfigure.web.BasicErrorController.error(javax.servlet.http.HttpServletRequest)
2019-12-18 15:50:13.305  INFO Gary-C-Laptop
            --- [cker.App.main()] s.w.s.m.m.a.RequestMappingHandlerMapping : Mapped "{[/error],produces=[text/html]}" onto public org.springframework.web.servlet.ModelAndView org.springframework.boot.autoconfigure.web.BasicErrorController.errorHtml(javax.servlet.http.HttpServletRequest)
2019-12-18 15:50:13.344  INFO Gary-C-Laptop
            --- [cker.App.main()] o.s.w.s.h.SimpleUrlHandlerMapping        : Mapped URL path [/webjars/**] onto handler of type [class org.springframework.web.servlet.resource.ResourceHttpRequestHandler]
2019-12-18 15:50:13.346  INFO Gary-C-Laptop
            --- [cker.App.main()] o.s.w.s.h.SimpleUrlHandlerMapping        : Mapped URL path [/**] onto handler of type [class org.springframework.web.servlet.resource.ResourceHttpRequestHandler]
2019-12-18 15:50:13.404  INFO Gary-C-Laptop
            --- [cker.App.main()] o.s.w.s.h.SimpleUrlHandlerMapping        : Mapped URL path [/**/favicon.ico] onto handler of type [class org.springframework.web.servlet.resource.ResourceHttpRequestHandler]
2019-12-18 15:50:13.622  INFO Gary-C-Laptop
            --- [cker.App.main()] o.s.j.e.a.AnnotationMBeanExporter        : Registering beans for JMX exposure on startup
2019-12-18 15:50:13.665  INFO Gary-C-Laptop
            --- [cker.App.main()] o.a.c.h.Http11NioProtocol                : Initializing ProtocolHandler ["http-nio-8080"]
2019-12-18 15:50:13.676  INFO Gary-C-Laptop
            --- [cker.App.main()] o.a.c.h.Http11NioProtocol                : Starting ProtocolHandler ["http-nio-8080"]
2019-12-18 15:50:13.693  INFO Gary-C-Laptop
            --- [cker.App.main()] o.a.t.u.n.NioSelectorPool                : Using a shared selector for servlet write/read
2019-12-18 15:50:13.712  INFO Gary-C-Laptop
            --- [cker.App.main()] s.b.c.e.t.TomcatEmbeddedServletContainer : Tomcat started on port(s): 8080 (http)
2019-12-18 15:50:13.717  INFO Gary-C-Laptop
            --- [cker.App.main()] c.p.g.App                                : Started App in 8.353 seconds (JVM running for 17.947)
2019-12-18 15:50:25.312  INFO Gary-C-Laptop
            --- [nio-8080-exec-2] o.a.c.c.C.[.[.[/]                        : Initializing Spring FrameworkServlet 'dispatcherServlet'
2019-12-18 15:50:25.314  INFO Gary-C-Laptop
            --- [nio-8080-exec-2] o.s.w.s.DispatcherServlet                : FrameworkServlet 'dispatcherServlet': initialization started
2019-12-18 15:50:25.350  INFO Gary-C-Laptop
            --- [nio-8080-exec-2] o.s.w.s.DispatcherServlet                : FrameworkServlet 'dispatcherServlet': initialization completed in 35 ms
2019-12-18 15:50:25.385  WARN Gary-C-Laptop
            --- [nio-8080-exec-2] o.s.w.s.PageNotFound                     : Request method 'POST' not supported
2019-12-18 15:51:38.937 ERROR Gary-C-Laptop
            --- [nio-8080-exec-8] c.p.g.s.GameService                      : Exception occurred while trying to update a PlayerGame: 1
java.lang.NullPointerException
	at com.promineotech.gameStatTracker.service.PlayerGameService.updatePlayerGame(PlayerGameService.java:63)
	at com.promineotech.gameStatTracker.controller.PlayerGameController.updatePlayerGame(PlayerGameController.java:41)
	at sun.reflect.NativeMethodAccessorImpl.invoke0(Native Method)
	at sun.reflect.NativeMethodAccessorImpl.invoke(NativeMethodAccessorImpl.java:62)
	at sun.reflect.DelegatingMethodAccessorImpl.invoke(DelegatingMethodAccessorImpl.java:43)
	at java.lang.reflect.Method.invoke(Method.java:498)
	at org.springframework.web.method.support.InvocableHandlerMethod.doInvoke(InvocableHandlerMethod.java:221)
	at org.springframework.web.method.support.InvocableHandlerMethod.invokeForRequest(InvocableHandlerMethod.java:137)
	at org.springframework.web.servlet.mvc.method.annotation.ServletInvocableHandlerMethod.invokeAndHandle(ServletInvocableHandlerMethod.java:110)
	at org.springframework.web.servlet.mvc.method.annotation.RequestMappingHandlerAdapter.invokeHandleMethod(RequestMappingHandlerAdapter.java:776)
	at org.springframework.web.servlet.mvc.method.annotation.RequestMappingHandlerAdapter.handleInternal(RequestMappingHandlerAdapter.java:705)
	at org.springframework.web.servlet.mvc.method.AbstractHandlerMethodAdapter.handle(AbstractHandlerMethodAdapter.java:85)
	at org.springframework.web.servlet.DispatcherServlet.doDispatch(DispatcherServlet.java:959)
	at org.springframework.web.servlet.DispatcherServlet.doService(DispatcherServlet.java:893)
	at org.springframework.web.servlet.FrameworkServlet.processRequest(FrameworkServlet.java:967)
	at org.springframework.web.servlet.FrameworkServlet.doPut(FrameworkServlet.java:880)
	at javax.servlet.http.HttpServlet.service(HttpServlet.java:651)
	at org.springframework.web.servlet.FrameworkServlet.service(FrameworkServlet.java:843)
	at javax.servlet.http.HttpServlet.service(HttpServlet.java:729)
	at org.apache.catalina.core.ApplicationFilterChain.internalDoFilter(ApplicationFilterChain.java:291)
	at org.apache.catalina.core.ApplicationFilterChain.doFilter(ApplicationFilterChain.java:206)
	at org.apache.tomcat.websocket.server.WsFilter.doFilter(WsFilter.java:52)
	at org.apache.catalina.core.ApplicationFilterChain.internalDoFilter(ApplicationFilterChain.java:239)
	at org.apache.catalina.core.ApplicationFilterChain.doFilter(ApplicationFilterChain.java:206)
	at org.springframework.web.filter.HiddenHttpMethodFilter.doFilterInternal(HiddenHttpMethodFilter.java:77)
	at org.springframework.web.filter.OncePerRequestFilter.doFilter(OncePerRequestFilter.java:107)
	at org.apache.catalina.core.ApplicationFilterChain.internalDoFilter(ApplicationFilterChain.java:239)
	at org.apache.catalina.core.ApplicationFilterChain.doFilter(ApplicationFilterChain.java:206)
	at org.springframework.web.filter.CharacterEncodingFilter.doFilterInternal(CharacterEncodingFilter.java:85)
	at org.springframework.web.filter.OncePerRequestFilter.doFilter(OncePerRequestFilter.java:107)
	at org.apache.catalina.core.ApplicationFilterChain.internalDoFilter(ApplicationFilterChain.java:239)
	at org.apache.catalina.core.ApplicationFilterChain.doFilter(ApplicationFilterChain.java:206)
	at org.apache.catalina.core.StandardWrapperValve.invoke(StandardWrapperValve.java:219)
	at org.apache.catalina.core.StandardContextValve.invoke(StandardContextValve.java:106)
	at org.apache.catalina.authenticator.AuthenticatorBase.invoke(AuthenticatorBase.java:502)
	at org.apache.catalina.core.StandardHostValve.invoke(StandardHostValve.java:142)
	at org.apache.catalina.valves.ErrorReportValve.invoke(ErrorReportValve.java:79)
	at org.apache.catalina.core.StandardEngineValve.invoke(StandardEngineValve.java:88)
	at org.apache.catalina.connector.CoyoteAdapter.service(CoyoteAdapter.java:518)
	at org.apache.coyote.http11.AbstractHttp11Processor.process(AbstractHttp11Processor.java:1091)
	at org.apache.coyote.AbstractProtocol$AbstractConnectionHandler.process(AbstractProtocol.java:673)
	at org.apache.tomcat.util.net.NioEndpoint$SocketProcessor.doRun(NioEndpoint.java:1526)
	at org.apache.tomcat.util.net.NioEndpoint$SocketProcessor.run(NioEndpoint.java:1482)
	at java.util.concurrent.ThreadPoolExecutor.runWorker(ThreadPoolExecutor.java:1149)
	at java.util.concurrent.ThreadPoolExecutor$Worker.run(ThreadPoolExecutor.java:624)
	at org.apache.tomcat.util.threads.TaskThread$WrappingRunnable.run(TaskThread.java:61)
	at java.lang.Thread.run(Thread.java:748)
